==============================================================================
  Prime version 4.2 (r000) Build Structure
==============================================================================

--------------------------------------------------------------------------------
JobId          : ares-0-56c5cbc3
Name           : prime_bldstruct_run1_preparation
Program        : BuildStructure
MMshareExec    : /nfs/apollo/opt/schrodinger2015-4/mmshare-v32017/bin/Linux-x86_64
Host           : ares.schrodinger.com
Dir            : /home/cappel/TriTDI/Musashi
HostEntry      : localhost
JobHost        : ares.schrodinger.com
JobDir         : /scratch/cappel/prime_bldstruct_run1_preparation
JobMMshareExec : /nfs/apollo/opt/schrodinger2015-4/mmshare-v32017/bin/Linux-x86_64
Commandline    : /nfs/apollo/opt/schrodinger2015-4/prime -HOST localhost prime_bldstruct_run1_preparation
StartTime      : 2016-02-18-14:48:51
--------------------------------------------------------------------------------

Using the following input parameters:
   JOB_TYPE MODEL
   QUERY_OFFSET 0
   TEMPLATE_NAME template1_A
   template1_A_NUMBER 1
   template1_A_STRUCT_FILE prime_bldstruct_run1_preparation-pdbtemplate1.ent
   template1_A_ALIGN_FILE prime_bldstruct_run1_preparation-xxxx-impref_A.align
   DIR_NAME /home/cappel/TriTDI/Musashi/preparation.prj/.mmproj-admin/psp_run.1/step.4/current
   TAILS 0
   SIDE_OPT true
   MINIMIZE true
   BUILD_INSERTIONS false
   MAX_INSERTION_SIZE 20
   BUILD_TRANSITIONS true
   BUILD_DELETIONS true
   KEEP_ROTAMERS true
   COMPOSITE_ARRAY 11111111111111111111111111111111111111111111111111111111111111111111111111111111111111
   KNOWLEDGE_BASED true
   NUM_OUTPUT_STRUCT 1
   TEMPLATE_RESIDUE_NUMBERS false

Configuring template template1_A

Loading template template1_A



Initial model constructed.

Preprocessing using PrepWizard...

Now start knowledge based building...
Optimizing nonloop side chains with clashes: 14
A:3: :ILE
A:14: :VAL
A:18: :LYS
A:22: :GLU
A:26: :LYS
A:28: :GLU
A:29: :ASP
A:32: :LEU
A:34: :PHE
A:50: :GLU
A:54: :VAL
A:61: :ILE
A:67: :ASN
A:73: :CYS
Minimizing nonloop side chains with clashes: 1
A:54: :VAL
Homology model building job complete.

Output structure is colored by residue
Blue  --  Full residue conformation is copied from the template
          Identical residues at this position in the alignment
Cyan  --  Residue Backbone Conformation is copied from the template
          Sidechain mutation at this position in the alignment
Red   --  Residue backbone and sidechain positions have been modeled
          An insertion, deletion or experimental constraint requires
          this position in the alignment to be predicted

