Removing previous job files...
Glide version 77011 (mmshare version 40011)
Copyright (c) Schrodinger, LLC.
All Rights Reserved.

--------------------------------------------------------------------------------
JobId          : lilac-0-5a218aaa
Name           : InducedFit_Ro6
Program        : IFD
MMshareExec    : /data/chodera/schrodinger/schrodinger2017-4-advanced/mmshare-v4.0/bin/Linux-x86_64
Host           : lilac.hpc.private
Dir            : /lila/home/albaness/InducedFit_Ro6
HostEntry      : lsf-cpu
Queue          : LSF
JobHost        : lt05.hpc.private
JobDir         : /lila/home/albaness/InducedFit_Ro6
JobMMshareExec : /data/chodera/schrodinger/schrodinger2017-4-advanced/mmshare-v4.0/bin/Linux-x86_64
Commandline    : /data/chodera/schrodinger/schrodinger2017-4-advanced/ifd -NGLIDECPU 1 -NPRIMECPU 1 InducedFit_Ro6.inp -HOST lsf-cpu -SUBHOST lsf-cpu -OPLSDIR ./opls_dir -TMPLAUNCHDIR -ATTACHED
StartTime      : 2017-12-01-12:00:37
--------------------------------------------------------------------------------

Calling OPLS3 atomtyping ...
Finished parameter assignment
 VdW radii of protein atoms scaled by    1.00000000000000     
 Charge cutoff for polarity  0.250000000000000     
  Receptor setup: (nsites, nx, ny, nz, bsize)=(         125 ,           26 , 
          26 ,           26 ,    1.00000000000000      ).
 Screening setup finished.
 DOCKMAIN: getting receptor.
  DOCKMAIN after grid: (nx, ny, nz) = (          72 ,           72 , 
          72 ).
Creating output grid archive 'InducedFit_Ro6_rec-1_pv-1-gridgen.zip'

Exiting Glide
Date: Friday, December 01 2017, at 13:03:26 EST
CPU time (s): 12.2 user, 0.7 system, 13.2 real
Total elapsed time = 13 seconds
Removing previous job files...
Glide version 77011 (mmshare version 40011)
Copyright (c) Schrodinger, LLC.
All Rights Reserved.

--------------------------------------------------------------------------------
JobId          : lilac-0-5a218aaa
Name           : InducedFit_Ro6
Program        : IFD
MMshareExec    : /data/chodera/schrodinger/schrodinger2017-4-advanced/mmshare-v4.0/bin/Linux-x86_64
Host           : lilac.hpc.private
Dir            : /lila/home/albaness/InducedFit_Ro6
HostEntry      : lsf-cpu
Queue          : LSF
JobHost        : lt05.hpc.private
JobDir         : /lila/home/albaness/InducedFit_Ro6
JobMMshareExec : /data/chodera/schrodinger/schrodinger2017-4-advanced/mmshare-v4.0/bin/Linux-x86_64
Commandline    : /data/chodera/schrodinger/schrodinger2017-4-advanced/ifd -NGLIDECPU 1 -NPRIMECPU 1 InducedFit_Ro6.inp -HOST lsf-cpu -SUBHOST lsf-cpu -OPLSDIR ./opls_dir -TMPLAUNCHDIR -ATTACHED
StartTime      : 2017-12-01-12:00:37
--------------------------------------------------------------------------------

 VdW radii of ligand atoms scaled by   0.800000000000000     
 Charge cutoff for polarity   0.150000000000000     
 After readscreen, (nx, ny, nz) = (          26 ,           26 ,           26 ).
  Receptor setup: (nsites, nx, ny, nz, bsize)=(         125 ,           26 , 
          26 ,           26 ,    1.00000000000000      ).
 Screening setup finished.
 DOCKMAIN: getting receptor.
  DOCKMAIN after grid: (nx, ny, nz) = (          72 ,           72 , 
          72 ).
 DOCKMAIN: Grid setup finished
Calling OPLS3 atomtyping ...
Finished parameter assignment
  
  Penalizing non-planar amide torsions 
  
 Number of rotatable bonds            2
 Using templates for ring conformations.

GlideScore version SP5.0 will be used

  
 Buried polar penalty      0.000
 Coulomb vdW cutoff        0.000
 H bond cutoff             0.000
 Metal-ligand cutoff      10.000
Assigning GlideScore SP5.0 parameters
Postdocking minimization:   5 poses; CvdW cutoffs   100.0 kcal/mol for min,     0.0 kcal/mol for report.
GlideScore(   -4.85)+Epik State Penalty(    0.00) =    -4.85 kcal/mol
DOCKING RESULTS FOR LIGAND        1 (RoA-6)
Best Emodel=   -42.17 E=   -32.32 Eint=     0.07 GlideScore=    -4.85
REPORT OF BEST 1 POSES

The receptor and sorted ligand structures were written to the file
InducedFit_Ro6_rec-1_pv-1_pv.maegz  for use in the Pose Viewer.

Final rankings based on original docking score
0 poses were rejected by the energy filters,
    Coul+vdw Energy <=     0.0    Hbond Interaction <=     0.0    Metal Interaction <=    10.0    GlideScore <=   100.0
(If any of the above properties is not defined for a given pose,
the corresponding filter is not applied to that pose.)


Exiting Glide
Date: Friday, December 01 2017, at 13:03:40 EST
CPU time (s): 5.2 user, 0.3 system, 7.1 real
Total elapsed time = 7 seconds
